\BOOKMARK [0][-]{chapter.1}{\376\377\000C\000o\000n\000t\000e\000n\000t\000s}{}% 1
\BOOKMARK [1][-]{section.1.1}{\376\377\000G\000e\000t\000t\000i\000n\000g\000\040\000S\000t\000a\000r\000t\000e\000d}{chapter.1}% 2
\BOOKMARK [2][-]{subsection.1.1.1}{\376\377\000I\000n\000s\000t\000a\000l\000l\000a\000t\000i\000o\000n}{section.1.1}% 3
\BOOKMARK [3][-]{subsubsection*.3}{\376\377\000R\000e\000q\000u\000i\000r\000e\000m\000e\000n\000t\000s}{subsection.1.1.1}% 4
\BOOKMARK [2][-]{subsection.1.1.2}{\376\377\000L\000o\000a\000d\000\040\000t\000h\000e\000\040\000m\000o\000d\000e\000l}{section.1.1}% 5
\BOOKMARK [2][-]{subsection.1.1.3}{\376\377\000C\000o\000u\000n\000t\000r\000i\000e\000s\000\040\000a\000n\000d\000\040\000s\000y\000s\000t\000e\000m\000s}{section.1.1}% 6
\BOOKMARK [3][-]{subsubsection*.4}{\376\377\000D\000a\000t\000a\000s\000e\000t\000s}{subsection.1.1.3}% 7
\BOOKMARK [3][-]{subsubsection*.5}{\376\377\000P\000o\000l\000i\000c\000i\000e\000s}{subsection.1.1.3}% 8
\BOOKMARK [3][-]{subsubsection*.6}{\376\377\000F\000u\000n\000c\000t\000i\000o\000n\000s}{subsection.1.1.3}% 9
\BOOKMARK [3][-]{subsubsection*.7}{\376\377\000P\000a\000r\000a\000m\000e\000t\000e\000r\000s}{subsection.1.1.3}% 10
\BOOKMARK [2][-]{subsection.1.1.4}{\376\377\000R\000u\000n\000\040\000s\000i\000m\000u\000l\000a\000t\000i\000o\000n}{section.1.1}% 11
\BOOKMARK [1][-]{section.1.2}{\376\377\000S\000i\000m\000u\000l\000a\000t\000i\000o\000n\000\040\000e\000x\000a\000m\000p\000l\000e\000s}{chapter.1}% 12
\BOOKMARK [2][-]{subsection.1.2.1}{\376\377\000L\000o\000a\000d\000\040\000m\000o\000d\000e\000l\000\040\000a\000n\000d\000\040\000d\000a\000t\000a}{section.1.2}% 13
\BOOKMARK [2][-]{subsection.1.2.2}{\376\377\0001\000.\000\040\000R\000u\000n\000\040\000t\000w\000o\000\040\000s\000y\000s\000t\000e\000m\000s\000\040\000w\000i\000t\000h\000\040\000d\000e\000f\000a\000u\000l\000t\000\040\000p\000a\000r\000a\000m\000e\000t\000e\000r\000s}{section.1.2}% 14
\BOOKMARK [2][-]{subsection.1.2.3}{\376\377\0002\000.\000\040\000R\000u\000n\000\040\000w\000i\000t\000h\000\040\000c\000h\000a\000n\000g\000i\000n\000g\000\040\000c\000o\000n\000s\000t\000a\000n\000t}{section.1.2}% 15
\BOOKMARK [2][-]{subsection.1.2.4}{\376\377\0003\000.\000\040\000R\000u\000n\000\040\000w\000i\000t\000h\000\040\000a\000d\000d\000-\000o\000n\000s}{section.1.2}% 16
\BOOKMARK [2][-]{subsection.1.2.5}{\376\377\0004\000.\000\040\000R\000u\000n\000\040\000w\000i\000t\000h\000\040\000e\000x\000t\000e\000n\000s\000i\000o\000n\000s}{section.1.2}% 17
\BOOKMARK [1][-]{section.1.3}{\376\377\000U\000s\000e\000r\000\040\000G\000u\000i\000d\000e}{chapter.1}% 18
\BOOKMARK [2][-]{subsection.1.3.1}{\376\377\000W\000h\000a\000t\000\040\000i\000s\000\040\000t\000h\000e\000\040\000E\000u\000r\000o\000m\000o\000d\000\040\000C\000o\000n\000e\000c\000t\000o\000r\000?}{section.1.3}% 19
\BOOKMARK [2][-]{subsection.1.3.2}{\376\377\000I\000n\000s\000t\000a\000l\000l\000a\000t\000i\000o\000n}{section.1.3}% 20
\BOOKMARK [3][-]{subsubsection*.8}{\376\377\000R\000e\000q\000u\000i\000r\000e\000m\000e\000n\000t\000s}{subsection.1.3.2}% 21
\BOOKMARK [4][-]{paragraph*.9}{\376\377\000P\000y\000t\000h\000o\000n\000\040\000v\000e\000r\000s\000i\000o\000n\000\040\000s\000u\000p\000p\000o\000r\000t}{subsubsection*.8}% 22
\BOOKMARK [4][-]{paragraph*.10}{\376\377\000W\000i\000n\000d\000o\000w\000s\000\040\000v\000e\000r\000s\000i\000o\000n\000\040\000s\000u\000p\000p\000o\000r\000t}{subsubsection*.8}% 23
\BOOKMARK [3][-]{subsubsection*.11}{\376\377\000D\000e\000p\000e\000n\000d\000e\000n\000c\000i\000e\000s}{subsection.1.3.2}% 24
\BOOKMARK [3][-]{subsubsection*.12}{\376\377\000M\000a\000n\000a\000g\000i\000n\000g\000\040\000E\000r\000r\000o\000r\000s}{subsection.1.3.2}% 25
\BOOKMARK [4][-]{paragraph*.13}{\376\377\0001\000\051\000\040\000M\000o\000d\000u\000l\000e\000N\000o\000t\000F\000o\000u\000n\000d\000E\000r\000r\000o\000r\000\040\000o\000r\000\040\000A\000t\000t\000r\000i\000b\000u\000t\000e\000E\000r\000r\000o\000r\000:}{subsubsection*.12}% 26
\BOOKMARK [4][-]{paragraph*.14}{\376\377\0002\000\051\000\040\000R\000u\000n\000t\000i\000m\000e\000E\000r\000r\000o\000r\000:}{subsubsection*.12}% 27
\BOOKMARK [2][-]{subsection.1.3.3}{\376\377\000M\000o\000d\000e\000l}{section.1.3}% 28
\BOOKMARK [2][-]{subsection.1.3.4}{\376\377\000C\000o\000u\000n\000t\000r\000y}{section.1.3}% 29
\BOOKMARK [3][-]{subsubsection*.15}{\376\377\000D\000a\000t\000a\000s\000e\000t\000s}{subsection.1.3.4}% 30
\BOOKMARK [3][-]{subsubsection*.16}{\376\377\000E\000x\000t\000e\000n\000s\000i\000o\000n\000s}{subsection.1.3.4}% 31
\BOOKMARK [3][-]{subsubsection*.17}{\376\377\000P\000o\000l\000i\000c\000i\000e\000s}{subsection.1.3.4}% 32
\BOOKMARK [4][-]{paragraph*.18}{\376\377\000E\000x\000t\000e\000n\000s\000i\000o\000n\000s}{subsubsection*.17}% 33
\BOOKMARK [4][-]{paragraph*.19}{\376\377\000F\000u\000n\000c\000t\000i\000o\000n\000s}{subsubsection*.17}% 34
\BOOKMARK [4][-]{paragraph*.20}{\376\377\000P\000a\000r\000a\000m\000e\000t\000e\000r\000s}{subsubsection*.17}% 35
\BOOKMARK [2][-]{subsection.1.3.5}{\376\377\000S\000y\000s\000t\000e\000m}{section.1.3}% 36
\BOOKMARK [3][-]{subsubsection*.21}{\376\377\000D\000a\000t\000a\000s\000e\000t\000s}{subsection.1.3.5}% 37
\BOOKMARK [3][-]{subsubsection*.22}{\376\377\000P\000o\000l\000i\000c\000i\000e\000s}{subsection.1.3.5}% 38
\BOOKMARK [4][-]{paragraph*.23}{\376\377\000E\000x\000t\000e\000n\000s\000i\000o\000n\000s}{subsubsection*.22}% 39
\BOOKMARK [4][-]{paragraph*.24}{\376\377\000F\000u\000n\000c\000t\000i\000o\000n\000s}{subsubsection*.22}% 40
\BOOKMARK [4][-]{paragraph*.25}{\376\377\000P\000a\000r\000a\000m\000e\000t\000e\000r\000s}{subsubsection*.22}% 41
\BOOKMARK [2][-]{subsection.1.3.6}{\376\377\000F\000i\000n\000d\000\040\000o\000b\000j\000e\000c\000t\000s}{section.1.3}% 42
\BOOKMARK [2][-]{subsection.1.3.7}{\376\377\000R\000u\000n\000\040\000s\000i\000m\000u\000l\000a\000t\000i\000o\000n}{section.1.3}% 43
\BOOKMARK [1][-]{section.1.4}{\376\377\000A\000P\000I\000\040\000R\000e\000f\000e\000r\000e\000n\000c\000e}{chapter.1}% 44
\BOOKMARK [2][-]{subsection.1.4.1}{\376\377\000e\000u\000r\000o\000m\000o\000d}{section.1.4}% 45
\BOOKMARK [3][-]{subsubsection*.27}{\376\377\000S\000u\000b\000p\000a\000c\000k\000a\000g\000e\000s}{subsection.1.4.1}% 46
\BOOKMARK [4][-]{paragraph*.28}{\376\377\000e\000u\000r\000o\000m\000o\000d\000.\000t\000e\000s\000t}{subsubsection*.27}% 47
\BOOKMARK [5][-]{subparagraph*.29}{\376\377\000S\000u\000b\000m\000o\000d\000u\000l\000e\000s}{paragraph*.28}% 48
\BOOKMARK [5][-]{subparagraph*.30}{\376\377\000e\000u\000r\000o\000m\000o\000d\000.\000t\000e\000s\000t\000.\000m\000a\000i\000n}{paragraph*.28}% 49
\BOOKMARK [5][-]{subparagraph*.31}{\376\377\000F\000u\000n\000c\000t\000i\000o\000n\000s}{paragraph*.28}% 50
\BOOKMARK [3][-]{subsubsection*.33}{\376\377\000S\000u\000b\000m\000o\000d\000u\000l\000e\000s}{subsection.1.4.1}% 51
\BOOKMARK [4][-]{paragraph*.34}{\376\377\000e\000u\000r\000o\000m\000o\000d\000.\000c\000o\000r\000e}{subsubsection*.33}% 52
\BOOKMARK [5][-]{subparagraph*.35}{\376\377\000C\000l\000a\000s\000s\000e\000s}{paragraph*.34}% 53
\BOOKMARK [1][-]{section.1.5}{\376\377\000R\000e\000l\000e\000a\000s\000e\000\040\000n\000o\000t\000e\000s}{chapter.1}% 54
\BOOKMARK [2][-]{subsection.1.5.1}{\376\377\000v\0000\000.\0001\000.\0002\0000\000a\000\040\000\050\0001\0008\000/\0000\0006\000/\0002\0000\0002\0004\000\051}{section.1.5}% 55
\BOOKMARK [3][-]{subsubsection*.166}{\376\377\000F\000i\000x}{subsection.1.5.1}% 56
\BOOKMARK [3][-]{subsubsection*.167}{\376\377\000F\000e\000a\000t\000u\000r\000e}{subsection.1.5.1}% 57
\BOOKMARK [3][-]{subsubsection*.168}{\376\377\000D\000o\000c\000u\000m\000e\000n\000t\000a\000t\000i\000o\000n}{subsection.1.5.1}% 58
\BOOKMARK [2][-]{subsection.1.5.2}{\376\377\000v\0000\000.\0001\000.\0001\000a\000\040\000\050\0001\0008\000/\0000\0006\000/\0002\0000\0002\0004\000\051}{section.1.5}% 59
\BOOKMARK [1][-]{section.1.6}{\376\377\000L\000i\000c\000e\000n\000s\000e}{chapter.1}% 60
\BOOKMARK [0][-]{section*.169}{\376\377\000P\000y\000t\000h\000o\000n\000\040\000M\000o\000d\000u\000l\000e\000\040\000I\000n\000d\000e\000x}{}% 61
\BOOKMARK [0][-]{section*.170}{\376\377\000I\000n\000d\000e\000x}{}% 62
